<?xml version="1.0" encoding="UTF-8"?>
<!-- Generated by org.testng.reporters.JUnitReportReporter -->
<testsuite hostname="ANKIT-PC" failures="0" tests="1" name="TestNGAnnotations" time="0.825" errors="0" timestamp="2022-10-05T11:34:05 GMT-07:00" skipped="0">
  <testcase classname="TestNGAnnotations" name="dragAndDrop" time="0.825"/>
  <system-out/>
</testsuite> <!-- TestNGAnnotations -->
