<?xml version="1.0" encoding="UTF-8"?>
<!-- Generated by org.testng.reporters.JUnitReportReporter -->
<testsuite hostname="ANKIT-PC" failures="0" tests="1" name="TestCases.TestNGAnnotations" time="0.666" errors="0" timestamp="2022-10-31T10:04:59 GMT-07:00" skipped="0">
  <testcase classname="TestCases.TestNGAnnotations" name="dragAndDrop" time="0.666"/>
  <system-out/>
</testsuite> <!-- TestCases.TestNGAnnotations -->
